<?xml version="1.0" encoding="UTF-8"?>
<!-- Generated by org.testng.reporters.JUnitXMLReporter -->
<testsuite hostname="DESKTOP-DG4NUTJ" ignored="15" name="Default test" tests="1" failures="0" timestamp="2022-03-27T10:22:56 IST" time="53.996" errors="0">
  <testcase name="WelcomeLogin" time="26.577" classname="FlushTestcases.Logintestcases"/>
  <testcase name="JoinWithYourEmailLogin" time="0.0" classname="FlushTestcases.Logintestcases">
    <ignored/>
  </testcase> <!-- JoinWithYourEmailLogin -->
  <testcase name="SignupLog" time="0.0" classname="FlushTestcases.Logintestcases">
    <ignored/>
  </testcase> <!-- SignupLog -->
  <testcase name="LoginWelcomeregistration" time="0.0" classname="FlushTestcases.Logintestcases">
    <ignored/>
  </testcase> <!-- LoginWelcomeregistration -->
  <testcase name="JoinEmailLoginGoogle" time="0.0" classname="FlushTestcases.Logintestcases">
    <ignored/>
  </testcase> <!-- JoinEmailLoginGoogle -->
  <testcase name="CrashGameLogin" time="0.0" classname="FlushTestcases.Logintestcases">
    <ignored/>
  </testcase> <!-- CrashGameLogin -->
  <testcase name="NormaluserLogin" time="0.0" classname="FlushTestcases.Logintestcases">
    <ignored/>
  </testcase> <!-- NormaluserLogin -->
  <testcase name="Joinwithyouremail" time="0.0" classname="FlushTestcases.Logintestcases">
    <ignored/>
  </testcase> <!-- Joinwithyouremail -->
  <testcase name="GameWheel" time="0.0" classname="FlushTestcases.Logintestcases">
    <ignored/>
  </testcase> <!-- GameWheel -->
  <testcase name="Gamecrash" time="0.0" classname="FlushTestcases.Logintestcases">
    <ignored/>
  </testcase> <!-- Gamecrash -->
  <testcase name="Signup" time="0.0" classname="FlushTestcases.Logintestcases">
    <ignored/>
  </testcase> <!-- Signup -->
  <testcase name="LoginWelcomeForgotPassword" time="0.0" classname="FlushTestcases.Logintestcases">
    <ignored/>
  </testcase> <!-- LoginWelcomeForgotPassword -->
  <testcase name="PasswordRecoveryBackToLogin" time="0.0" classname="FlushTestcases.Logintestcases">
    <ignored/>
  </testcase> <!-- PasswordRecoveryBackToLogin -->
  <testcase name="GameMines" time="0.0" classname="FlushTestcases.Logintestcases">
    <ignored/>
  </testcase> <!-- GameMines -->
  <testcase name="Adminlogin" time="0.0" classname="FlushTestcases.Logintestcases">
    <ignored/>
  </testcase> <!-- Adminlogin -->
  <testcase name="LoginWelcomegoogle" time="0.0" classname="FlushTestcases.Logintestcases">
    <ignored/>
  </testcase> <!-- LoginWelcomegoogle -->
</testsuite> <!-- Default test -->
