<?xml version="1.0" encoding="UTF-8"?>
<!-- Generated by org.testng.reporters.JUnitXMLReporter -->
<testsuite hostname="DESKTOP-DG4NUTJ" ignored="11" name="Default test" tests="1" failures="0" timestamp="2022-03-24T15:57:31 IST" time="87.566" errors="0">
  <testcase name="LoginWelcomeregistration" time="36.149" classname="FlushTestcases.Logintestcases"/>
  <testcase name="JoinWithYourEmailLogin" time="0.0" classname="FlushTestcases.Logintestcases">
    <ignored/>
  </testcase> <!-- JoinWithYourEmailLogin -->
  <testcase name="LoginWelcomeForgotPassword" time="0.0" classname="FlushTestcases.Logintestcases">
    <ignored/>
  </testcase> <!-- LoginWelcomeForgotPassword -->
  <testcase name="Joinwithyouremail" time="0.0" classname="FlushTestcases.Logintestcases">
    <ignored/>
  </testcase> <!-- Joinwithyouremail -->
  <testcase name="JoinEmailLoginGoogle" time="0.0" classname="FlushTestcases.Logintestcases">
    <ignored/>
  </testcase> <!-- JoinEmailLoginGoogle -->
  <testcase name="PasswordRecoveryBackToLogin" time="0.0" classname="FlushTestcases.Logintestcases">
    <ignored/>
  </testcase> <!-- PasswordRecoveryBackToLogin -->
  <testcase name="SignupLog" time="0.0" classname="FlushTestcases.Logintestcases">
    <ignored/>
  </testcase> <!-- SignupLog -->
  <testcase name="LoginWelcomegoogle" time="0.0" classname="FlushTestcases.Logintestcases">
    <ignored/>
  </testcase> <!-- LoginWelcomegoogle -->
  <testcase name="WelcomeLogin" time="0.0" classname="FlushTestcases.Logintestcases">
    <ignored/>
  </testcase> <!-- WelcomeLogin -->
  <testcase name="NormaluserLogin" time="0.0" classname="FlushTestcases.Logintestcases">
    <ignored/>
  </testcase> <!-- NormaluserLogin -->
  <testcase name="Adminlogin" time="0.0" classname="FlushTestcases.Logintestcases">
    <ignored/>
  </testcase> <!-- Adminlogin -->
  <testcase name="Signup" time="0.0" classname="FlushTestcases.Logintestcases">
    <ignored/>
  </testcase> <!-- Signup -->
</testsuite> <!-- Default test -->
