<?xml version="1.0" encoding="UTF-8"?>
<testng-results skipped="0" failed="0" ignored="15" total="16" passed="1">
  <reporter-output>
  </reporter-output>
  <suite name="Default suite" duration-ms="53996" started-at="2022-03-27T10:22:02 IST" finished-at="2022-03-27T10:22:56 IST">
    <groups>
    </groups>
    <test name="Default test" duration-ms="53996" started-at="2022-03-27T10:22:02 IST" finished-at="2022-03-27T10:22:56 IST">
      <class name="FlushTestcases.Logintestcases">
        <test-method status="PASS" signature="openingbrowser()[pri:0, instance:FlushTestcases.Logintestcases@a38d7a3]" name="openingbrowser" is-config="true" duration-ms="27360" started-at="2022-03-27T10:22:02 IST" finished-at="2022-03-27T10:22:30 IST">
          <reporter-output>
          </reporter-output>
        </test-method> <!-- openingbrowser -->
        <test-method status="PASS" signature="WelcomeLogin()[pri:1, instance:FlushTestcases.Logintestcases@a38d7a3]" name="WelcomeLogin" duration-ms="26577" started-at="2022-03-27T10:22:30 IST" finished-at="2022-03-27T10:22:56 IST">
          <reporter-output>
          </reporter-output>
        </test-method> <!-- WelcomeLogin -->
        <test-method status="PASS" signature="closebrowser()[pri:0, instance:FlushTestcases.Logintestcases@a38d7a3]" name="closebrowser" is-config="true" duration-ms="1" started-at="2022-03-27T10:22:56 IST" finished-at="2022-03-27T10:22:56 IST">
          <reporter-output>
          </reporter-output>
        </test-method> <!-- closebrowser -->
      </class> <!-- FlushTestcases.Logintestcases -->
    </test> <!-- Default test -->
  </suite> <!-- Default suite -->
</testng-results>
